16:46:43.412 [main] INFO  testCases.TC_001_AccountRegistrationTest - Clicked on continue....
16:46:43.425 [main] INFO  testCases.TC_001_AccountRegistrationTest - Validating confirmation message....
16:46:43.465 [main] ERROR testCases.TC_001_AccountRegistrationTest - Test failed.....
16:46:45.847 [main] INFO  testCases.TC_002_LoginTest - *** Starting TC_002_LoginTest ***
16:46:46.003 [main] INFO  testCases.TC_002_LoginTest - Clicked on myAccount...
16:46:46.327 [main] INFO  testCases.TC_002_LoginTest - Clicked on Login...
16:46:46.329 [main] INFO  testCases.TC_002_LoginTest - Entering Login details........
16:46:46.839 [main] INFO  testCases.TC_002_LoginTest - Click on login Button
16:46:47.311 [main] INFO  testCases.TC_002_LoginTest - Test Passed......
16:46:47.312 [main] INFO  testCases.TC_002_LoginTest - *** Finished TC_002_LoginTest ***
16:47:23.408 [main] INFO  testCases.TC_001_AccountRegistrationTest - *** Starting TC_001_AccountRegistrationTest ***
16:47:23.569 [main] INFO  testCases.TC_001_AccountRegistrationTest - clicked on MyAccount..
16:47:23.961 [main] INFO  testCases.TC_001_AccountRegistrationTest - clicked on Register Button..
16:47:23.962 [main] INFO  testCases.TC_001_AccountRegistrationTest - Entering Details....
16:47:26.902 [main] INFO  testCases.TC_001_AccountRegistrationTest - Clicked on continue....
16:47:26.902 [main] INFO  testCases.TC_001_AccountRegistrationTest - Validating confirmation message....
16:47:26.948 [main] INFO  testCases.TC_001_AccountRegistrationTest - Test passed.....
16:47:26.951 [main] INFO  testCases.TC_001_AccountRegistrationTest - *** Complete TC_001_AccountRegistrationTest***
16:47:29.143 [main] INFO  testCases.TC_002_LoginTest - *** Starting TC_002_LoginTest ***
16:47:29.235 [main] INFO  testCases.TC_002_LoginTest - Clicked on myAccount...
16:47:29.620 [main] INFO  testCases.TC_002_LoginTest - Clicked on Login...
16:47:29.625 [main] INFO  testCases.TC_002_LoginTest - Entering Login details........
16:47:30.198 [main] INFO  testCases.TC_002_LoginTest - Click on login Button
16:47:30.592 [main] INFO  testCases.TC_002_LoginTest - Test Passed......
16:47:30.593 [main] INFO  testCases.TC_002_LoginTest - *** Finished TC_002_LoginTest ***
16:48:20.607 [main] INFO  testCases.TC_001_AccountRegistrationTest - *** Starting TC_001_AccountRegistrationTest ***
16:48:20.820 [main] INFO  testCases.TC_001_AccountRegistrationTest - clicked on MyAccount..
16:48:21.208 [main] INFO  testCases.TC_001_AccountRegistrationTest - clicked on Register Button..
16:48:21.208 [main] INFO  testCases.TC_001_AccountRegistrationTest - Entering Details....
16:48:24.145 [main] INFO  testCases.TC_001_AccountRegistrationTest - Clicked on continue....
16:48:24.146 [main] INFO  testCases.TC_001_AccountRegistrationTest - Validating confirmation message....
16:48:24.176 [main] INFO  testCases.TC_001_AccountRegistrationTest - Test passed.....
16:48:24.179 [main] INFO  testCases.TC_001_AccountRegistrationTest - *** Complete TC_001_AccountRegistrationTest***
19:26:17.189 [main] INFO  testCases.TC_001_AccountRegistrationTest - *** Starting TC_001_AccountRegistrationTest ***
19:26:17.365 [main] INFO  testCases.TC_001_AccountRegistrationTest - clicked on MyAccount..
19:26:17.860 [main] INFO  testCases.TC_001_AccountRegistrationTest - clicked on Register Button..
19:26:17.861 [main] INFO  testCases.TC_001_AccountRegistrationTest - Entering Details....
19:26:20.920 [main] INFO  testCases.TC_001_AccountRegistrationTest - Clicked on continue....
19:26:20.921 [main] INFO  testCases.TC_001_AccountRegistrationTest - Validating confirmation message....
19:26:20.978 [main] INFO  testCases.TC_001_AccountRegistrationTest - Test passed.....
19:26:20.981 [main] INFO  testCases.TC_001_AccountRegistrationTest - *** Complete TC_001_AccountRegistrationTest***
19:26:25.110 [main] INFO  testCases.TC_002_LoginTest - *** Starting TC_002_LoginTest ***
19:26:25.226 [main] INFO  testCases.TC_002_LoginTest - Clicked on myAccount...
19:26:25.609 [main] INFO  testCases.TC_002_LoginTest - Clicked on Login...
19:26:25.613 [main] INFO  testCases.TC_002_LoginTest - Entering Login details........
19:26:26.244 [main] INFO  testCases.TC_002_LoginTest - Click on login Button
19:26:26.755 [main] INFO  testCases.TC_002_LoginTest - Test Passed......
19:26:26.755 [main] INFO  testCases.TC_002_LoginTest - *** Finished TC_002_LoginTest ***
19:29:14.031 [main] INFO  testCases.TC_001_AccountRegistrationTest - *** Starting TC_001_AccountRegistrationTest ***
19:29:14.139 [main] INFO  testCases.TC_001_AccountRegistrationTest - clicked on MyAccount..
19:29:14.508 [main] INFO  testCases.TC_001_AccountRegistrationTest - clicked on Register Button..
19:29:14.509 [main] INFO  testCases.TC_001_AccountRegistrationTest - Entering Details....
19:29:17.480 [main] INFO  testCases.TC_001_AccountRegistrationTest - Clicked on continue....
19:29:17.480 [main] INFO  testCases.TC_001_AccountRegistrationTest - Validating confirmation message....
