19:29:17.525 [main] INFO  testCases.TC_001_AccountRegistrationTest - Test passed.....
19:29:17.534 [main] INFO  testCases.TC_001_AccountRegistrationTest - *** Complete TC_001_AccountRegistrationTest***
19:29:24.925 [main] INFO  testCases.TC_002_LoginTest - *** Starting TC_002_LoginTest ***
19:29:25.054 [main] INFO  testCases.TC_002_LoginTest - Clicked on myAccount...
19:29:25.344 [main] INFO  testCases.TC_002_LoginTest - Clicked on Login...
19:29:25.347 [main] INFO  testCases.TC_002_LoginTest - Entering Login details........
19:29:25.859 [main] INFO  testCases.TC_002_LoginTest - Click on login Button
19:29:26.276 [main] INFO  testCases.TC_002_LoginTest - Test Passed......
19:29:26.277 [main] INFO  testCases.TC_002_LoginTest - *** Finished TC_002_LoginTest ***
17:48:25.107 [main] INFO  testCases.TC_001_AccountRegistrationTest - *** Starting TC_001_AccountRegistrationTest ***
17:48:25.636 [main] INFO  testCases.TC_001_AccountRegistrationTest - clicked on MyAccount..
17:48:26.865 [main] INFO  testCases.TC_001_AccountRegistrationTest - clicked on Register Button..
17:48:26.866 [main] INFO  testCases.TC_001_AccountRegistrationTest - Entering Details....
17:48:30.716 [main] INFO  testCases.TC_001_AccountRegistrationTest - Clicked on continue....
17:48:30.716 [main] INFO  testCases.TC_001_AccountRegistrationTest - Validating confirmation message....
17:48:30.777 [main] INFO  testCases.TC_001_AccountRegistrationTest - Test passed.....
17:48:30.782 [main] INFO  testCases.TC_001_AccountRegistrationTest - *** Complete TC_001_AccountRegistrationTest***
17:48:33.750 [main] INFO  testCases.TC_002_LoginTest - *** Starting TC_002_LoginTest ***
17:48:34.036 [main] INFO  testCases.TC_002_LoginTest - Clicked on myAccount...
17:48:34.890 [main] INFO  testCases.TC_002_LoginTest - Clicked on Login...
17:48:34.892 [main] INFO  testCases.TC_002_LoginTest - Entering Login details........
17:48:35.940 [main] INFO  testCases.TC_002_LoginTest - Click on login Button
17:48:36.894 [main] INFO  testCases.TC_002_LoginTest - Test Passed......
17:48:36.894 [main] INFO  testCases.TC_002_LoginTest - *** Finished TC_002_LoginTest ***
18:51:42.340 [main] INFO  testCases.TC_001_AccountRegistrationTest - *** Starting TC_001_AccountRegistrationTest ***
18:51:42.490 [main] INFO  testCases.TC_001_AccountRegistrationTest - clicked on MyAccount..
18:51:43.065 [main] INFO  testCases.TC_001_AccountRegistrationTest - clicked on Register Button..
18:51:43.065 [main] INFO  testCases.TC_001_AccountRegistrationTest - Entering Details....
18:51:46.144 [main] INFO  testCases.TC_001_AccountRegistrationTest - Clicked on continue....
18:51:46.144 [main] INFO  testCases.TC_001_AccountRegistrationTest - Validating confirmation message....
18:51:46.191 [main] INFO  testCases.TC_001_AccountRegistrationTest - Test passed.....
18:51:46.194 [main] INFO  testCases.TC_001_AccountRegistrationTest - *** Complete TC_001_AccountRegistrationTest***
18:51:48.827 [main] INFO  testCases.TC_002_LoginTest - *** Starting TC_002_LoginTest ***
18:51:48.943 [main] INFO  testCases.TC_002_LoginTest - Clicked on myAccount...
18:51:49.335 [main] INFO  testCases.TC_002_LoginTest - Clicked on Login...
18:51:49.338 [main] INFO  testCases.TC_002_LoginTest - Entering Login details........
18:51:49.949 [main] INFO  testCases.TC_002_LoginTest - Click on login Button
18:51:50.389 [main] INFO  testCases.TC_002_LoginTest - Test Passed......
18:51:50.389 [main] INFO  testCases.TC_002_LoginTest - *** Finished TC_002_LoginTest ***
18:52:44.317 [main] INFO  testCases.TC_001_AccountRegistrationTest - *** Starting TC_001_AccountRegistrationTest ***
18:52:44.433 [main] INFO  testCases.TC_001_AccountRegistrationTest - clicked on MyAccount..
18:52:44.834 [main] INFO  testCases.TC_001_AccountRegistrationTest - clicked on Register Button..
18:52:44.834 [main] INFO  testCases.TC_001_AccountRegistrationTest - Entering Details....
18:52:47.846 [main] INFO  testCases.TC_001_AccountRegistrationTest - Clicked on continue....
18:52:47.847 [main] INFO  testCases.TC_001_AccountRegistrationTest - Validating confirmation message....
18:52:47.883 [main] INFO  testCases.TC_001_AccountRegistrationTest - Test passed.....
18:52:47.886 [main] INFO  testCases.TC_001_AccountRegistrationTest - *** Complete TC_001_AccountRegistrationTest***
18:52:50.025 [main] INFO  testCases.TC_002_LoginTest - *** Starting TC_002_LoginTest ***
18:52:50.242 [main] INFO  testCases.TC_002_LoginTest - Clicked on myAccount...
18:52:50.622 [main] INFO  testCases.TC_002_LoginTest - Clicked on Login...
18:52:50.624 [main] INFO  testCases.TC_002_LoginTest - Entering Login details........
18:52:51.136 [main] INFO  testCases.TC_002_LoginTest - Click on login Button
18:52:51.579 [main] INFO  testCases.TC_002_LoginTest - Test Passed......
18:52:51.580 [main] INFO  testCases.TC_002_LoginTest - *** Finished TC_002_LoginTest ***
19:20:55.729 [main] INFO  testCases.TC_001_AccountRegistrationTest - *** Starting TC_001_AccountRegistrationTest ***
