11:14:03.087 [main] INFO  testCases.TC_005_AddToCartTest - 6
11:14:03.100 [main] INFO  testCases.TC_005_AddToCartTest - Completed TC_005_AddToCartTest.......
11:16:49.336 [main] INFO  testCases.TC_005_AddToCartTest - Starting TC_005_AddToCartTest.......
11:16:50.806 [main] INFO  testCases.TC_005_AddToCartTest - 1
11:16:50.861 [main] INFO  testCases.TC_005_AddToCartTest - 2
11:16:51.885 [main] INFO  testCases.TC_005_AddToCartTest - 6
11:16:51.885 [main] INFO  testCases.TC_005_AddToCartTest - Completed TC_005_AddToCartTest.......
11:24:49.802 [main] INFO  testCases.TC_005_AddToCartTest - Starting TC_005_AddToCartTest.......
11:24:51.209 [main] INFO  testCases.TC_005_AddToCartTest - 1
11:24:51.260 [main] INFO  testCases.TC_005_AddToCartTest - 2
11:24:52.335 [main] INFO  testCases.TC_005_AddToCartTest - 6
11:24:52.336 [main] INFO  testCases.TC_005_AddToCartTest - Completed TC_005_AddToCartTest.......
13:43:35.396 [main] INFO  testCases.TC_006_EndToEndTest - Strating TC_006_EndToEndTest.....
13:44:15.271 [main] INFO  testCases.TC_006_EndToEndTest - Completed TC_006_EndToEndTest.....
13:46:16.840 [main] INFO  testCases.TC_001_AccountRegistrationTest - *** Starting TC_001_AccountRegistrationTest ***
13:46:17.175 [main] INFO  testCases.TC_001_AccountRegistrationTest - clicked on MyAccount..
13:46:17.585 [main] INFO  testCases.TC_001_AccountRegistrationTest - clicked on Register Button..
13:46:17.586 [main] INFO  testCases.TC_001_AccountRegistrationTest - Entering Details....
13:46:20.575 [main] INFO  testCases.TC_001_AccountRegistrationTest - Clicked on continue....
13:46:20.576 [main] INFO  testCases.TC_001_AccountRegistrationTest - Validating confirmation message....
13:46:20.614 [main] INFO  testCases.TC_001_AccountRegistrationTest - Test passed.....
13:46:20.617 [main] INFO  testCases.TC_001_AccountRegistrationTest - *** Complete TC_001_AccountRegistrationTest***
13:46:22.679 [main] INFO  testCases.TC_002_LoginTest - *** Starting TC_002_LoginTest ***
13:46:22.767 [main] INFO  testCases.TC_002_LoginTest - Clicked on myAccount...
13:46:23.133 [main] INFO  testCases.TC_002_LoginTest - Clicked on Login...
13:46:23.140 [main] INFO  testCases.TC_002_LoginTest - Entering Login details........
13:46:23.696 [main] INFO  testCases.TC_002_LoginTest - Click on login Button
13:46:24.140 [main] INFO  testCases.TC_002_LoginTest - Test Passed......
13:46:24.140 [main] INFO  testCases.TC_002_LoginTest - *** Finished TC_002_LoginTest ***
13:46:26.096 [main] INFO  testCases.TC_004_SearchProductTest - Starting TC_004_SearchProductTest
13:46:27.034 [main] INFO  testCases.TC_004_SearchProductTest - Completed TC_004_SearchProductTest
13:46:29.033 [main] INFO  testCases.TC_005_AddToCartTest - Starting TC_005_AddToCartTest.......
13:46:29.830 [main] INFO  testCases.TC_005_AddToCartTest - 1
13:46:29.856 [main] INFO  testCases.TC_005_AddToCartTest - 2
13:46:30.550 [main] INFO  testCases.TC_005_AddToCartTest - 6
13:46:30.550 [main] INFO  testCases.TC_005_AddToCartTest - Completed TC_005_AddToCartTest.......
13:46:32.445 [main] INFO  testCases.TC_006_EndToEndTest - Strating TC_006_EndToEndTest.....
13:47:11.869 [main] INFO  testCases.TC_006_EndToEndTest - Completed TC_006_EndToEndTest.....
14:01:17.381 [main] INFO  testCases.TC_006_EndToEndTest - Strating TC_006_EndToEndTest.....
14:01:57.601 [main] INFO  testCases.TC_006_EndToEndTest - Completed TC_006_EndToEndTest.....
14:06:26.446 [main] INFO  testCases.TC_006_EndToEndTest - Strating TC_006_EndToEndTest.....
14:07:05.633 [main] INFO  testCases.TC_006_EndToEndTest - Completed TC_006_EndToEndTest.....
