19:20:55.857 [main] INFO  testCases.TC_001_AccountRegistrationTest - clicked on MyAccount..
19:20:56.251 [main] INFO  testCases.TC_001_AccountRegistrationTest - clicked on Register Button..
19:20:56.252 [main] INFO  testCases.TC_001_AccountRegistrationTest - Entering Details....
19:20:59.275 [main] INFO  testCases.TC_001_AccountRegistrationTest - Clicked on continue....
19:20:59.275 [main] INFO  testCases.TC_001_AccountRegistrationTest - Validating confirmation message....
19:20:59.341 [main] INFO  testCases.TC_001_AccountRegistrationTest - Test passed.....
19:20:59.344 [main] INFO  testCases.TC_001_AccountRegistrationTest - *** Complete TC_001_AccountRegistrationTest***
19:21:01.637 [main] INFO  testCases.TC_002_LoginTest - *** Starting TC_002_LoginTest ***
19:21:01.768 [main] INFO  testCases.TC_002_LoginTest - Clicked on myAccount...
19:21:02.110 [main] INFO  testCases.TC_002_LoginTest - Clicked on Login...
19:21:02.112 [main] INFO  testCases.TC_002_LoginTest - Entering Login details........
19:21:02.694 [main] INFO  testCases.TC_002_LoginTest - Click on login Button
19:21:03.130 [main] INFO  testCases.TC_002_LoginTest - Test Passed......
19:21:03.132 [main] INFO  testCases.TC_002_LoginTest - *** Finished TC_002_LoginTest ***
19:21:46.153 [main] INFO  testCases.TC_001_AccountRegistrationTest - *** Starting TC_001_AccountRegistrationTest ***
19:21:46.289 [main] INFO  testCases.TC_001_AccountRegistrationTest - clicked on MyAccount..
19:21:46.691 [main] INFO  testCases.TC_001_AccountRegistrationTest - clicked on Register Button..
19:21:46.691 [main] INFO  testCases.TC_001_AccountRegistrationTest - Entering Details....
19:21:49.716 [main] INFO  testCases.TC_001_AccountRegistrationTest - Clicked on continue....
19:21:49.716 [main] INFO  testCases.TC_001_AccountRegistrationTest - Validating confirmation message....
19:21:49.747 [main] INFO  testCases.TC_001_AccountRegistrationTest - Test passed.....
19:21:49.747 [main] INFO  testCases.TC_001_AccountRegistrationTest - *** Complete TC_001_AccountRegistrationTest***
19:21:51.972 [main] INFO  testCases.TC_002_LoginTest - *** Starting TC_002_LoginTest ***
19:21:52.122 [main] INFO  testCases.TC_002_LoginTest - Clicked on myAccount...
19:21:52.468 [main] INFO  testCases.TC_002_LoginTest - Clicked on Login...
19:21:52.471 [main] INFO  testCases.TC_002_LoginTest - Entering Login details........
19:21:52.973 [main] INFO  testCases.TC_002_LoginTest - Click on login Button
19:21:53.467 [main] INFO  testCases.TC_002_LoginTest - Test Passed......
19:21:53.467 [main] INFO  testCases.TC_002_LoginTest - *** Finished TC_002_LoginTest ***
17:33:23.390 [main] INFO  testCases.TC_004_SearchProductTest - Starting TC_004_SearchProductTest
17:34:47.253 [main] INFO  testCases.TC_004_SearchProductTest - Starting TC_004_SearchProductTest
17:39:12.144 [main] INFO  testCases.TC_004_SearchProductTest - Starting TC_004_SearchProductTest
17:40:45.638 [main] INFO  testCases.TC_004_SearchProductTest - Starting TC_004_SearchProductTest
17:41:54.208 [main] INFO  testCases.TC_004_SearchProductTest - Starting TC_004_SearchProductTest
17:41:55.503 [main] INFO  testCases.TC_004_SearchProductTest - Completed TC_004_SearchProductTest
17:42:44.443 [main] INFO  testCases.TC_004_SearchProductTest - Starting TC_004_SearchProductTest
17:42:45.676 [main] INFO  testCases.TC_004_SearchProductTest - Completed TC_004_SearchProductTest
17:52:14.440 [main] INFO  testCases.TC_004_SearchProductTest - Starting TC_004_SearchProductTest
17:52:15.698 [main] INFO  testCases.TC_004_SearchProductTest - Completed TC_004_SearchProductTest
18:00:58.018 [main] INFO  testCases.TC_005_AddToCartTest - Starting TC_005_AddToCartTest.......
18:02:34.096 [main] INFO  testCases.TC_005_AddToCartTest - Starting TC_005_AddToCartTest.......
18:04:15.524 [main] INFO  testCases.TC_005_AddToCartTest - Starting TC_005_AddToCartTest.......
18:10:08.723 [main] INFO  testCases.TC_005_AddToCartTest - Starting TC_005_AddToCartTest.......
18:12:49.620 [main] INFO  testCases.TC_005_AddToCartTest - Starting TC_005_AddToCartTest.......
22:06:16.654 [main] INFO  testCases.TC_005_AddToCartTest - Starting TC_005_AddToCartTest.......
22:15:44.422 [main] INFO  testCases.TC_005_AddToCartTest - Starting TC_005_AddToCartTest.......
22:51:43.623 [main] INFO  testCases.TC_005_AddToCartTest - Starting TC_005_AddToCartTest.......
11:10:30.544 [main] INFO  testCases.TC_005_AddToCartTest - Starting TC_005_AddToCartTest.......
11:10:32.007 [main] INFO  testCases.TC_005_AddToCartTest - 1
11:10:32.064 [main] INFO  testCases.TC_005_AddToCartTest - 2
11:14:00.456 [main] INFO  testCases.TC_005_AddToCartTest - Starting TC_005_AddToCartTest.......
11:14:01.795 [main] INFO  testCases.TC_005_AddToCartTest - 1
11:14:01.850 [main] INFO  testCases.TC_005_AddToCartTest - 2
11:14:02.502 [main] INFO  testCases.TC_005_AddToCartTest - 3
11:14:02.705 [main] INFO  testCases.TC_005_AddToCartTest - 4
11:14:02.811 [main] INFO  testCases.TC_005_AddToCartTest - 5
